[0916/180005:ERROR:process_info.cc(608)] range at 0xc5e52e1200000000, size 0xc3 fully unreadable
[0916/180005:ERROR:process_info.cc(608)] range at 0xc5e52e2200000000, size 0xc3 fully unreadable
[0916/180005:ERROR:process_info.cc(608)] range at 0x0, size 0xc3 fully unreadable
[0916/180005:ERROR:process_reader_win.cc(114)] NtOpenThread: {Access Denied} A process has requested access to an object, but has not been granted those access rights.  (0xc0000022)
[0916/180005:ERROR:exception_snapshot_win.cc(88)] thread ID 7532 not found in process
[0916/180005:WARNING:crash_report_exception_handler.cc(60)] ProcessSnapshotWin::InitializeException failed
[0916/200422:ERROR:process_info.cc(608)] range at 0x85962e1000000000, size 0x7e fully unreadable
[0916/200422:ERROR:process_info.cc(608)] range at 0x85962e2000000000, size 0x7e fully unreadable
[0916/200422:ERROR:process_info.cc(608)] range at 0x0, size 0x7e fully unreadable
[0916/200422:ERROR:process_reader_win.cc(114)] NtOpenThread: {Access Denied} A process has requested access to an object, but has not been granted those access rights.  (0xc0000022)
[0916/200422:ERROR:exception_snapshot_win.cc(88)] thread ID 6268 not found in process
[0916/200422:WARNING:crash_report_exception_handler.cc(60)] ProcessSnapshotWin::InitializeException failed
[0916/201513:ERROR:process_info.cc(608)] range at 0x8be02e1000000000, size 0xd0 fully unreadable
[0916/201513:ERROR:process_info.cc(608)] range at 0x8be02e2000000000, size 0xd0 fully unreadable
[0916/201513:ERROR:process_info.cc(608)] range at 0x0, size 0xd0 fully unreadable
[0916/201513:ERROR:process_reader_win.cc(114)] NtOpenThread: {Access Denied} A process has requested access to an object, but has not been granted those access rights.  (0xc0000022)
[0916/201513:ERROR:exception_snapshot_win.cc(88)] thread ID 3676 not found in process
[0916/201513:WARNING:crash_report_exception_handler.cc(60)] ProcessSnapshotWin::InitializeException failed
[0916/201756:ERROR:process_info.cc(608)] range at 0xdcd2e1000000000, size 0x33 fully unreadable
[0916/201756:ERROR:process_info.cc(608)] range at 0xdcd2e2000000000, size 0x33 fully unreadable
[0916/201756:ERROR:process_info.cc(608)] range at 0x0, size 0x33 fully unreadable
[0916/201756:ERROR:process_reader_win.cc(114)] NtOpenThread: {Access Denied} A process has requested access to an object, but has not been granted those access rights.  (0xc0000022)
[0916/201756:ERROR:exception_snapshot_win.cc(88)] thread ID 7808 not found in process
[0916/201756:WARNING:crash_report_exception_handler.cc(60)] ProcessSnapshotWin::InitializeException failed
[0916/201835:ERROR:process_info.cc(608)] range at 0x8ef12e1000000000, size 0x7a fully unreadable
[0916/201835:ERROR:process_info.cc(608)] range at 0x8ef12e2000000000, size 0x7a fully unreadable
[0916/201835:ERROR:process_info.cc(608)] range at 0x0, size 0x7a fully unreadable
[0916/201835:ERROR:process_reader_win.cc(114)] NtOpenThread: {Access Denied} A process has requested access to an object, but has not been granted those access rights.  (0xc0000022)
[0916/201835:ERROR:exception_snapshot_win.cc(88)] thread ID 9844 not found in process
[0916/201835:WARNING:crash_report_exception_handler.cc(60)] ProcessSnapshotWin::InitializeException failed
[0916/202954:ERROR:process_info.cc(608)] range at 0x1bfa2e1000000000, size 0xb6 fully unreadable
[0916/202954:ERROR:process_info.cc(608)] range at 0x1bfa2e2000000000, size 0xb6 fully unreadable
[0916/202954:ERROR:process_info.cc(608)] range at 0x0, size 0xb6 fully unreadable
[0916/202954:ERROR:process_reader_win.cc(114)] NtOpenThread: {Access Denied} A process has requested access to an object, but has not been granted those access rights.  (0xc0000022)
[0916/202954:ERROR:exception_snapshot_win.cc(88)] thread ID 8536 not found in process
[0916/202954:WARNING:crash_report_exception_handler.cc(60)] ProcessSnapshotWin::InitializeException failed
[0916/205947:ERROR:process_info.cc(608)] range at 0xb6f82e1200000000, size 0xe8 fully unreadable
[0916/205947:ERROR:process_info.cc(608)] range at 0xb6f82e2200000000, size 0xe8 fully unreadable
[0916/205947:ERROR:process_info.cc(608)] range at 0x0, size 0xe8 fully unreadable
[0916/205947:ERROR:process_reader_win.cc(114)] NtOpenThread: {Access Denied} A process has requested access to an object, but has not been granted those access rights.  (0xc0000022)
[0916/205947:ERROR:exception_snapshot_win.cc(88)] thread ID 3488 not found in process
[0916/205947:WARNING:crash_report_exception_handler.cc(60)] ProcessSnapshotWin::InitializeException failed
[0916/210251:ERROR:process_info.cc(608)] range at 0xcd072e1000000000, size 0x91 fully unreadable
[0916/210251:ERROR:process_info.cc(608)] range at 0xcd072e2000000000, size 0x91 fully unreadable
[0916/210251:ERROR:process_info.cc(608)] range at 0x0, size 0x91 fully unreadable
[0916/210251:ERROR:process_reader_win.cc(114)] NtOpenThread: {Access Denied} A process has requested access to an object, but has not been granted those access rights.  (0xc0000022)
[0916/210251:ERROR:exception_snapshot_win.cc(88)] thread ID 6380 not found in process
[0916/210251:WARNING:crash_report_exception_handler.cc(60)] ProcessSnapshotWin::InitializeException failed
[0916/210912:ERROR:process_info.cc(608)] range at 0x61ca2e1000000000, size 0x52 fully unreadable
[0916/210912:ERROR:process_info.cc(608)] range at 0x61ca2e2000000000, size 0x52 fully unreadable
[0916/210912:ERROR:process_info.cc(608)] range at 0x0, size 0x52 fully unreadable
[0916/210912:ERROR:process_reader_win.cc(114)] NtOpenThread: {Access Denied} A process has requested access to an object, but has not been granted those access rights.  (0xc0000022)
[0916/210912:ERROR:exception_snapshot_win.cc(88)] thread ID 1984 not found in process
[0916/210912:WARNING:crash_report_exception_handler.cc(60)] ProcessSnapshotWin::InitializeException failed
[0916/211133:ERROR:process_info.cc(608)] range at 0x92c22e1200000000, size 0x3d fully unreadable
[0916/211133:ERROR:process_info.cc(608)] range at 0x92c22e2200000000, size 0x3d fully unreadable
[0916/211133:ERROR:process_info.cc(608)] range at 0x0, size 0x3d fully unreadable
[0916/211133:ERROR:process_reader_win.cc(114)] NtOpenThread: {Access Denied} A process has requested access to an object, but has not been granted those access rights.  (0xc0000022)
[0916/211133:ERROR:exception_snapshot_win.cc(88)] thread ID 8524 not found in process
[0916/211133:WARNING:crash_report_exception_handler.cc(60)] ProcessSnapshotWin::InitializeException failed
[0916/211558:ERROR:process_info.cc(608)] range at 0x19dc2e1000000000, size 0x7d fully unreadable
[0916/211558:ERROR:process_info.cc(608)] range at 0x19dc2e2000000000, size 0x7d fully unreadable
[0916/211558:ERROR:process_info.cc(608)] range at 0x0, size 0x7d fully unreadable
[0916/211558:ERROR:process_reader_win.cc(114)] NtOpenThread: {Access Denied} A process has requested access to an object, but has not been granted those access rights.  (0xc0000022)
[0916/211558:ERROR:exception_snapshot_win.cc(88)] thread ID 6568 not found in process
[0916/211558:WARNING:crash_report_exception_handler.cc(60)] ProcessSnapshotWin::InitializeException failed
[0916/212432:ERROR:process_info.cc(608)] range at 0x79722e1000000000, size 0xc1 fully unreadable
[0916/212432:ERROR:process_info.cc(608)] range at 0x79722e2000000000, size 0xc1 fully unreadable
[0916/212432:ERROR:process_info.cc(608)] range at 0x0, size 0xc1 fully unreadable
[0916/212432:ERROR:process_reader_win.cc(114)] NtOpenThread: {Access Denied} A process has requested access to an object, but has not been granted those access rights.  (0xc0000022)
[0916/212432:ERROR:exception_snapshot_win.cc(88)] thread ID 8472 not found in process
[0916/212432:WARNING:crash_report_exception_handler.cc(60)] ProcessSnapshotWin::InitializeException failed
[0916/212649:ERROR:process_info.cc(608)] range at 0x6e782e1200000000, size 0x4c fully unreadable
[0916/212649:ERROR:process_info.cc(608)] range at 0x6e782e2200000000, size 0x4c fully unreadable
[0916/212649:ERROR:process_info.cc(608)] range at 0x0, size 0x4c fully unreadable
[0916/212649:ERROR:process_reader_win.cc(114)] NtOpenThread: {Access Denied} A process has requested access to an object, but has not been granted those access rights.  (0xc0000022)
[0916/212649:ERROR:exception_snapshot_win.cc(88)] thread ID 8364 not found in process
[0916/212649:WARNING:crash_report_exception_handler.cc(60)] ProcessSnapshotWin::InitializeException failed
[0916/214116:ERROR:process_info.cc(608)] range at 0x35562e1000000000, size 0x2f fully unreadable
[0916/214116:ERROR:process_info.cc(608)] range at 0x35562e2000000000, size 0x2f fully unreadable
[0916/214116:ERROR:process_info.cc(608)] range at 0x0, size 0x2f fully unreadable
[0916/214116:ERROR:process_reader_win.cc(114)] NtOpenThread: {Access Denied} A process has requested access to an object, but has not been granted those access rights.  (0xc0000022)
[0916/214116:ERROR:exception_snapshot_win.cc(88)] thread ID 2368 not found in process
[0916/214116:WARNING:crash_report_exception_handler.cc(60)] ProcessSnapshotWin::InitializeException failed
[0916/214912:ERROR:process_info.cc(608)] range at 0xbac02e1200000000, size 0x96 fully unreadable
[0916/214912:ERROR:process_info.cc(608)] range at 0xbac02e2200000000, size 0x96 fully unreadable
[0916/214912:ERROR:process_info.cc(608)] range at 0x0, size 0x96 fully unreadable
[0916/214912:ERROR:process_reader_win.cc(114)] NtOpenThread: {Access Denied} A process has requested access to an object, but has not been granted those access rights.  (0xc0000022)
[0916/214912:ERROR:exception_snapshot_win.cc(88)] thread ID 9288 not found in process
[0916/214912:WARNING:crash_report_exception_handler.cc(60)] ProcessSnapshotWin::InitializeException failed
[0916/221456:ERROR:process_info.cc(608)] range at 0x1a1c2e1000000000, size 0x6b fully unreadable
[0916/221456:ERROR:process_info.cc(608)] range at 0x1a1c2e2000000000, size 0x6b fully unreadable
[0916/221456:ERROR:process_info.cc(608)] range at 0x0, size 0x6b fully unreadable
[0916/221456:ERROR:process_reader_win.cc(114)] NtOpenThread: {Access Denied} A process has requested access to an object, but has not been granted those access rights.  (0xc0000022)
[0916/221456:ERROR:exception_snapshot_win.cc(88)] thread ID 6268 not found in process
[0916/221456:WARNING:crash_report_exception_handler.cc(60)] ProcessSnapshotWin::InitializeException failed
[0916/222336:ERROR:process_info.cc(608)] range at 0xb0f02e1000000000, size 0xa5 fully unreadable
[0916/222336:ERROR:process_info.cc(608)] range at 0xb0f02e2000000000, size 0xa5 fully unreadable
[0916/222336:ERROR:process_info.cc(608)] range at 0x0, size 0xa5 fully unreadable
[0916/222336:ERROR:process_reader_win.cc(114)] NtOpenThread: {Access Denied} A process has requested access to an object, but has not been granted those access rights.  (0xc0000022)
[0916/222336:ERROR:exception_snapshot_win.cc(88)] thread ID 5032 not found in process
[0916/222336:WARNING:crash_report_exception_handler.cc(60)] ProcessSnapshotWin::InitializeException failed
[0916/222511:ERROR:process_info.cc(608)] range at 0xd6922e1200000000, size 0xd0 fully unreadable
[0916/222511:ERROR:process_info.cc(608)] range at 0xd6922e2200000000, size 0xd0 fully unreadable
[0916/222511:ERROR:process_info.cc(608)] range at 0x0, size 0xd0 fully unreadable
[0916/222511:ERROR:process_reader_win.cc(114)] NtOpenThread: {Access Denied} A process has requested access to an object, but has not been granted those access rights.  (0xc0000022)
[0916/222511:ERROR:exception_snapshot_win.cc(88)] thread ID 4036 not found in process
[0916/222511:WARNING:crash_report_exception_handler.cc(60)] ProcessSnapshotWin::InitializeException failed
[0916/222652:ERROR:process_info.cc(608)] range at 0x9cd22e1000000000, size 0x82 fully unreadable
[0916/222652:ERROR:process_info.cc(608)] range at 0x9cd22e2000000000, size 0x82 fully unreadable
[0916/222652:ERROR:process_info.cc(608)] range at 0x0, size 0x82 fully unreadable
[0916/222652:ERROR:process_reader_win.cc(114)] NtOpenThread: {Access Denied} A process has requested access to an object, but has not been granted those access rights.  (0xc0000022)
[0916/222652:ERROR:exception_snapshot_win.cc(88)] thread ID 7628 not found in process
[0916/222652:WARNING:crash_report_exception_handler.cc(60)] ProcessSnapshotWin::InitializeException failed
[0916/223614:ERROR:process_info.cc(608)] range at 0x97a72e1200000000, size 0x7f fully unreadable
[0916/223614:ERROR:process_info.cc(608)] range at 0x97a72e2200000000, size 0x7f fully unreadable
[0916/223614:ERROR:process_info.cc(608)] range at 0x0, size 0x7f fully unreadable
[0916/223614:ERROR:process_reader_win.cc(114)] NtOpenThread: {Access Denied} A process has requested access to an object, but has not been granted those access rights.  (0xc0000022)
[0916/223614:ERROR:exception_snapshot_win.cc(88)] thread ID 972 not found in process
[0916/223614:WARNING:crash_report_exception_handler.cc(60)] ProcessSnapshotWin::InitializeException failed
[0916/233053:ERROR:process_info.cc(608)] range at 0xd5a82e1200000000, size 0x40 fully unreadable
[0916/233053:ERROR:process_info.cc(608)] range at 0xd5a82e2200000000, size 0x40 fully unreadable
[0916/233053:ERROR:process_info.cc(608)] range at 0x0, size 0x40 fully unreadable
[0916/233053:ERROR:process_reader_win.cc(114)] NtOpenThread: {Access Denied} A process has requested access to an object, but has not been granted those access rights.  (0xc0000022)
[0916/233053:ERROR:exception_snapshot_win.cc(88)] thread ID 6304 not found in process
[0916/233053:WARNING:crash_report_exception_handler.cc(60)] ProcessSnapshotWin::InitializeException failed
[0917/055239:ERROR:process_info.cc(608)] range at 0xb4152e0e00000000, size 0x2c fully unreadable
[0917/055239:ERROR:process_info.cc(608)] range at 0xb4152e2e00000000, size 0x2c fully unreadable
[0917/055239:ERROR:process_info.cc(608)] range at 0x0, size 0x2c fully unreadable
[0917/055239:ERROR:process_reader_win.cc(114)] NtOpenThread: {Access Denied} A process has requested access to an object, but has not been granted those access rights.  (0xc0000022)
[0917/055239:ERROR:exception_snapshot_win.cc(88)] thread ID 652 not found in process
[0917/055239:WARNING:crash_report_exception_handler.cc(60)] ProcessSnapshotWin::InitializeException failed
[0917/061740:ERROR:process_info.cc(608)] range at 0x13bd2e1200000000, size 0x18 fully unreadable
[0917/061740:ERROR:process_info.cc(608)] range at 0x13bd2e3200000000, size 0x18 fully unreadable
[0917/061740:ERROR:process_info.cc(608)] range at 0x0, size 0x18 fully unreadable
[0917/061740:ERROR:process_reader_win.cc(114)] NtOpenThread: {Access Denied} A process has requested access to an object, but has not been granted those access rights.  (0xc0000022)
[0917/061740:ERROR:exception_snapshot_win.cc(88)] thread ID 7080 not found in process
[0917/061740:WARNING:crash_report_exception_handler.cc(60)] ProcessSnapshotWin::InitializeException failed
[0917/070934:ERROR:process_info.cc(608)] range at 0xdabe2e1000000000, size 0xe6 fully unreadable
[0917/070934:ERROR:process_info.cc(608)] range at 0xdabe2e3000000000, size 0xe6 fully unreadable
[0917/070934:ERROR:process_info.cc(608)] range at 0x0, size 0xe6 fully unreadable
[0917/070934:ERROR:process_reader_win.cc(114)] NtOpenThread: {Access Denied} A process has requested access to an object, but has not been granted those access rights.  (0xc0000022)
[0917/070934:ERROR:exception_snapshot_win.cc(88)] thread ID 3348 not found in process
[0917/070934:WARNING:crash_report_exception_handler.cc(60)] ProcessSnapshotWin::InitializeException failed
[0917/102112:ERROR:process_info.cc(608)] range at 0x2e962e1200000000, size 0x55 fully unreadable
[0917/102112:ERROR:process_info.cc(608)] range at 0x2e962e3200000000, size 0x55 fully unreadable
[0917/102112:ERROR:process_info.cc(608)] range at 0x0, size 0x55 fully unreadable
[0917/102112:ERROR:process_reader_win.cc(114)] NtOpenThread: {Access Denied} A process has requested access to an object, but has not been granted those access rights.  (0xc0000022)
[0917/102112:ERROR:exception_snapshot_win.cc(88)] thread ID 4132 not found in process
[0917/102112:WARNING:crash_report_exception_handler.cc(60)] ProcessSnapshotWin::InitializeException failed
[0917/102750:ERROR:process_info.cc(608)] range at 0x836f2e1000000000, size 0x52 fully unreadable
[0917/102750:ERROR:process_info.cc(608)] range at 0x836f2e3000000000, size 0x52 fully unreadable
[0917/102750:ERROR:process_info.cc(608)] range at 0x0, size 0x52 fully unreadable
[0917/102750:ERROR:process_reader_win.cc(114)] NtOpenThread: {Access Denied} A process has requested access to an object, but has not been granted those access rights.  (0xc0000022)
[0917/102750:ERROR:exception_snapshot_win.cc(88)] thread ID 4132 not found in process
[0917/102750:WARNING:crash_report_exception_handler.cc(60)] ProcessSnapshotWin::InitializeException failed
[0917/113535:ERROR:process_info.cc(608)] range at 0x96672e0c00000000, size 0x4 fully unreadable
[0917/113535:ERROR:process_info.cc(608)] range at 0x96672e2c00000000, size 0x4 fully unreadable
[0917/113535:ERROR:process_info.cc(608)] range at 0x0, size 0x4 fully unreadable
[0917/113535:ERROR:process_reader_win.cc(114)] NtOpenThread: {Access Denied} A process has requested access to an object, but has not been granted those access rights.  (0xc0000022)
[0917/113535:ERROR:exception_snapshot_win.cc(88)] thread ID 3336 not found in process
[0917/113535:WARNING:crash_report_exception_handler.cc(60)] ProcessSnapshotWin::InitializeException failed
[0917/123325:ERROR:process_info.cc(608)] range at 0x4fda2e1200000000, size 0xc8 fully unreadable
[0917/123325:ERROR:process_info.cc(608)] range at 0x4fda2e3200000000, size 0xc8 fully unreadable
[0917/123325:ERROR:process_info.cc(608)] range at 0x0, size 0xc8 fully unreadable
[0917/123325:ERROR:process_reader_win.cc(114)] NtOpenThread: {Access Denied} A process has requested access to an object, but has not been granted those access rights.  (0xc0000022)
[0917/123325:ERROR:exception_snapshot_win.cc(88)] thread ID 5884 not found in process
[0917/123325:WARNING:crash_report_exception_handler.cc(60)] ProcessSnapshotWin::InitializeException failed
[0917/201612:ERROR:process_info.cc(608)] range at 0x8fc82e1200000000, size 0xc2 fully unreadable
[0917/201612:ERROR:process_info.cc(608)] range at 0x8fc82e3200000000, size 0xc2 fully unreadable
[0917/201612:ERROR:process_info.cc(608)] range at 0x0, size 0xc2 fully unreadable
[0917/201612:ERROR:process_reader_win.cc(114)] NtOpenThread: {Access Denied} A process has requested access to an object, but has not been granted those access rights.  (0xc0000022)
[0917/201612:ERROR:exception_snapshot_win.cc(88)] thread ID 5448 not found in process
[0917/201612:WARNING:crash_report_exception_handler.cc(60)] ProcessSnapshotWin::InitializeException failed
[0918/100049:ERROR:process_reader_win.cc(114)] NtOpenThread: {Access Denied} A process has requested access to an object, but has not been granted those access rights.  (0xc0000022)
[0918/100049:ERROR:exception_snapshot_win.cc(87)] thread ID 1240 not found in process
[0918/100049:WARNING:crash_report_exception_handler.cc(56)] ProcessSnapshotWin::Initialize failed
[0918/122035:ERROR:process_reader_win.cc(114)] NtOpenThread: {Access Denied} A process has requested access to an object, but has not been granted those access rights.  (0xc0000022)
[0918/122035:ERROR:exception_snapshot_win.cc(87)] thread ID 4972 not found in process
[0918/122035:WARNING:crash_report_exception_handler.cc(56)] ProcessSnapshotWin::Initialize failed
[0918/143953:ERROR:process_reader_win.cc(114)] NtOpenThread: {Access Denied} A process has requested access to an object, but has not been granted those access rights.  (0xc0000022)
[0918/143953:ERROR:exception_snapshot_win.cc(87)] thread ID 6360 not found in process
[0918/143953:WARNING:crash_report_exception_handler.cc(56)] ProcessSnapshotWin::Initialize failed
[0918/150037:ERROR:process_reader_win.cc(114)] NtOpenThread: {Access Denied} A process has requested access to an object, but has not been granted those access rights.  (0xc0000022)
[0918/150037:ERROR:exception_snapshot_win.cc(87)] thread ID 3748 not found in process
[0918/150037:WARNING:crash_report_exception_handler.cc(56)] ProcessSnapshotWin::Initialize failed
[0918/151101:ERROR:process_reader_win.cc(114)] NtOpenThread: {Access Denied} A process has requested access to an object, but has not been granted those access rights.  (0xc0000022)
[0918/151101:ERROR:exception_snapshot_win.cc(87)] thread ID 6304 not found in process
[0918/151101:WARNING:crash_report_exception_handler.cc(56)] ProcessSnapshotWin::Initialize failed
[0918/154957:ERROR:process_reader_win.cc(114)] NtOpenThread: {Access Denied} A process has requested access to an object, but has not been granted those access rights.  (0xc0000022)
[0918/154957:ERROR:exception_snapshot_win.cc(87)] thread ID 7036 not found in process
[0918/154957:WARNING:crash_report_exception_handler.cc(56)] ProcessSnapshotWin::Initialize failed
[0918/155908:ERROR:process_reader_win.cc(114)] NtOpenThread: {Access Denied} A process has requested access to an object, but has not been granted those access rights.  (0xc0000022)
[0918/155908:ERROR:exception_snapshot_win.cc(87)] thread ID 1520 not found in process
[0918/155908:WARNING:crash_report_exception_handler.cc(56)] ProcessSnapshotWin::Initialize failed
[0918/160616:ERROR:process_reader_win.cc(114)] NtOpenThread: {Access Denied} A process has requested access to an object, but has not been granted those access rights.  (0xc0000022)
[0918/160616:ERROR:exception_snapshot_win.cc(87)] thread ID 4768 not found in process
[0918/160616:WARNING:crash_report_exception_handler.cc(56)] ProcessSnapshotWin::Initialize failed
[0918/161156:ERROR:process_reader_win.cc(114)] NtOpenThread: {Access Denied} A process has requested access to an object, but has not been granted those access rights.  (0xc0000022)
[0918/161156:ERROR:exception_snapshot_win.cc(87)] thread ID 6496 not found in process
[0918/161156:WARNING:crash_report_exception_handler.cc(56)] ProcessSnapshotWin::Initialize failed
[0918/161520:ERROR:process_reader_win.cc(114)] NtOpenThread: {Access Denied} A process has requested access to an object, but has not been granted those access rights.  (0xc0000022)
[0918/161520:ERROR:exception_snapshot_win.cc(87)] thread ID 4256 not found in process
[0918/161520:WARNING:crash_report_exception_handler.cc(56)] ProcessSnapshotWin::Initialize failed
[0918/161731:ERROR:process_reader_win.cc(114)] NtOpenThread: {Access Denied} A process has requested access to an object, but has not been granted those access rights.  (0xc0000022)
[0918/161731:ERROR:exception_snapshot_win.cc(87)] thread ID 2932 not found in process
[0918/161731:WARNING:crash_report_exception_handler.cc(56)] ProcessSnapshotWin::Initialize failed
[0918/162112:ERROR:process_reader_win.cc(114)] NtOpenThread: {Access Denied} A process has requested access to an object, but has not been granted those access rights.  (0xc0000022)
[0918/162112:ERROR:exception_snapshot_win.cc(87)] thread ID 7000 not found in process
[0918/162112:WARNING:crash_report_exception_handler.cc(56)] ProcessSnapshotWin::Initialize failed
[0919/093429:ERROR:process_reader_win.cc(114)] NtOpenThread: {Access Denied} A process has requested access to an object, but has not been granted those access rights.  (0xc0000022)
[0919/093429:ERROR:exception_snapshot_win.cc(87)] thread ID 1672 not found in process
[0919/093429:WARNING:crash_report_exception_handler.cc(56)] ProcessSnapshotWin::Initialize failed
[0919/133416:ERROR:process_reader_win.cc(114)] NtOpenThread: {Access Denied} A process has requested access to an object, but has not been granted those access rights.  (0xc0000022)
[0919/133416:ERROR:exception_snapshot_win.cc(87)] thread ID 7096 not found in process
[0919/133416:WARNING:crash_report_exception_handler.cc(56)] ProcessSnapshotWin::Initialize failed
[0919/174404:ERROR:process_reader_win.cc(114)] NtOpenThread: {Access Denied} A process has requested access to an object, but has not been granted those access rights.  (0xc0000022)
[0919/174404:ERROR:exception_snapshot_win.cc(87)] thread ID 3872 not found in process
[0919/174404:WARNING:crash_report_exception_handler.cc(56)] ProcessSnapshotWin::Initialize failed
[0920/050808:ERROR:process_reader_win.cc(114)] NtOpenThread: {Access Denied} A process has requested access to an object, but has not been granted those access rights.  (0xc0000022)
[0920/050808:ERROR:exception_snapshot_win.cc(87)] thread ID 2180 not found in process
[0920/050808:WARNING:crash_report_exception_handler.cc(56)] ProcessSnapshotWin::Initialize failed
[0923/053319:ERROR:process_reader_win.cc(114)] NtOpenThread: {Access Denied} A process has requested access to an object, but has not been granted those access rights.  (0xc0000022)
[0923/053319:ERROR:exception_snapshot_win.cc(87)] thread ID 6476 not found in process
[0923/053319:WARNING:crash_report_exception_handler.cc(56)] ProcessSnapshotWin::Initialize failed
[0923/053831:ERROR:process_reader_win.cc(114)] NtOpenThread: {Access Denied} A process has requested access to an object, but has not been granted those access rights.  (0xc0000022)
[0923/053831:ERROR:exception_snapshot_win.cc(87)] thread ID 3040 not found in process
[0923/053831:WARNING:crash_report_exception_handler.cc(56)] ProcessSnapshotWin::Initialize failed
[0923/054122:ERROR:process_reader_win.cc(114)] NtOpenThread: {Access Denied} A process has requested access to an object, but has not been granted those access rights.  (0xc0000022)
[0923/054122:ERROR:exception_snapshot_win.cc(87)] thread ID 2980 not found in process
[0923/054122:WARNING:crash_report_exception_handler.cc(56)] ProcessSnapshotWin::Initialize failed
[0923/054326:ERROR:process_reader_win.cc(114)] NtOpenThread: {Access Denied} A process has requested access to an object, but has not been granted those access rights.  (0xc0000022)
[0923/054326:ERROR:exception_snapshot_win.cc(87)] thread ID 3472 not found in process
[0923/054326:WARNING:crash_report_exception_handler.cc(56)] ProcessSnapshotWin::Initialize failed
[0923/054837:ERROR:process_reader_win.cc(114)] NtOpenThread: {Access Denied} A process has requested access to an object, but has not been granted those access rights.  (0xc0000022)
[0923/054837:ERROR:exception_snapshot_win.cc(87)] thread ID 6876 not found in process
[0923/054837:WARNING:crash_report_exception_handler.cc(56)] ProcessSnapshotWin::Initialize failed
[0923/055730:ERROR:process_reader_win.cc(114)] NtOpenThread: {Access Denied} A process has requested access to an object, but has not been granted those access rights.  (0xc0000022)
[0923/055730:ERROR:exception_snapshot_win.cc(87)] thread ID 2064 not found in process
[0923/055730:WARNING:crash_report_exception_handler.cc(56)] ProcessSnapshotWin::Initialize failed
[0923/060252:ERROR:process_reader_win.cc(114)] NtOpenThread: {Access Denied} A process has requested access to an object, but has not been granted those access rights.  (0xc0000022)
[0923/060252:ERROR:exception_snapshot_win.cc(87)] thread ID 6872 not found in process
[0923/060252:WARNING:crash_report_exception_handler.cc(56)] ProcessSnapshotWin::Initialize failed
[0923/060358:ERROR:process_reader_win.cc(114)] NtOpenThread: {Access Denied} A process has requested access to an object, but has not been granted those access rights.  (0xc0000022)
[0923/060358:ERROR:exception_snapshot_win.cc(87)] thread ID 3056 not found in process
[0923/060358:WARNING:crash_report_exception_handler.cc(56)] ProcessSnapshotWin::Initialize failed
[0923/060801:ERROR:process_reader_win.cc(114)] NtOpenThread: {Access Denied} A process has requested access to an object, but has not been granted those access rights.  (0xc0000022)
[0923/060801:ERROR:exception_snapshot_win.cc(87)] thread ID 6692 not found in process
[0923/060801:WARNING:crash_report_exception_handler.cc(56)] ProcessSnapshotWin::Initialize failed
[0923/060950:ERROR:process_reader_win.cc(114)] NtOpenThread: {Access Denied} A process has requested access to an object, but has not been granted those access rights.  (0xc0000022)
[0923/060950:ERROR:exception_snapshot_win.cc(87)] thread ID 6240 not found in process
[0923/060950:WARNING:crash_report_exception_handler.cc(56)] ProcessSnapshotWin::Initialize failed
[0923/061625:ERROR:process_reader_win.cc(114)] NtOpenThread: {Access Denied} A process has requested access to an object, but has not been granted those access rights.  (0xc0000022)
[0923/061625:ERROR:exception_snapshot_win.cc(87)] thread ID 5224 not found in process
[0923/061625:WARNING:crash_report_exception_handler.cc(56)] ProcessSnapshotWin::Initialize failed
[0923/062759:ERROR:process_reader_win.cc(114)] NtOpenThread: {Access Denied} A process has requested access to an object, but has not been granted those access rights.  (0xc0000022)
[0923/062759:ERROR:exception_snapshot_win.cc(87)] thread ID 2640 not found in process
[0923/062759:WARNING:crash_report_exception_handler.cc(56)] ProcessSnapshotWin::Initialize failed
[0923/062921:ERROR:process_reader_win.cc(114)] NtOpenThread: {Access Denied} A process has requested access to an object, but has not been granted those access rights.  (0xc0000022)
[0923/062921:ERROR:exception_snapshot_win.cc(87)] thread ID 5168 not found in process
[0923/062921:WARNING:crash_report_exception_handler.cc(56)] ProcessSnapshotWin::Initialize failed
[0923/080923:ERROR:process_reader_win.cc(114)] NtOpenThread: {Access Denied} A process has requested access to an object, but has not been granted those access rights.  (0xc0000022)
[0923/080923:ERROR:exception_snapshot_win.cc(87)] thread ID 2920 not found in process
[0923/080923:WARNING:crash_report_exception_handler.cc(56)] ProcessSnapshotWin::Initialize failed
[0923/091511:ERROR:process_reader_win.cc(114)] NtOpenThread: {Access Denied} A process has requested access to an object, but has not been granted those access rights.  (0xc0000022)
[0923/091511:ERROR:exception_snapshot_win.cc(87)] thread ID 6764 not found in process
[0923/091511:WARNING:crash_report_exception_handler.cc(56)] ProcessSnapshotWin::Initialize failed
[0924/083857:ERROR:process_reader_win.cc(114)] NtOpenThread: {Access Denied} A process has requested access to an object, but has not been granted those access rights.  (0xc0000022)
[0924/083857:ERROR:exception_snapshot_win.cc(87)] thread ID 380 not found in process
[0924/083857:WARNING:crash_report_exception_handler.cc(56)] ProcessSnapshotWin::Initialize failed
[0924/090400:ERROR:process_reader_win.cc(114)] NtOpenThread: {Access Denied} A process has requested access to an object, but has not been granted those access rights.  (0xc0000022)
[0924/090400:ERROR:exception_snapshot_win.cc(87)] thread ID 9056 not found in process
[0924/090400:WARNING:crash_report_exception_handler.cc(56)] ProcessSnapshotWin::Initialize failed
[0924/093410:ERROR:process_reader_win.cc(114)] NtOpenThread: {Access Denied} A process has requested access to an object, but has not been granted those access rights.  (0xc0000022)
[0924/093410:ERROR:exception_snapshot_win.cc(87)] thread ID 5416 not found in process
[0924/093410:WARNING:crash_report_exception_handler.cc(56)] ProcessSnapshotWin::Initialize failed
